2025-03-20 00:11:07 - INFO - [logger.py:64] - Приложение запущено | environment=development
2025-03-20 00:11:07 - INFO - [session.py:43] - Начало создания таблиц в базе данных
2025-03-20 00:11:07 - INFO - [session.py:46] - Таблицы успешно созданы
2025-03-20 00:11:10 - INFO - [logger.py:64] - Запрос проверки работоспособности API
2025-03-20 00:11:13 - INFO - [logger.py:64] - Запрос проверки работоспособности API
2025-03-20 00:11:38 - INFO - [logger.py:64] - Получен запрос на авторизацию | email=user5@example.com
2025-03-20 00:11:38 - INFO - [logger.py:64] - Пользователь успешно авторизован | email=user5@example.com
2025-03-20 00:11:44 - INFO - [logger.py:64] - Получен refresh-токен из cookie
2025-03-20 00:11:44 - INFO - [logger.py:64] - Получен запрос на обновление токена
2025-03-20 00:11:44 - INFO - [logger.py:64] - Токены успешно обновлены
2025-03-20 00:11:49 - INFO - [logger.py:64] - Получен токен доступа из cookie
2025-03-20 00:11:49 - INFO - [logger.py:64] - Пользователь успешно аутентифицирован | email=user5@example.com
2025-03-20 00:11:51 - INFO - [logger.py:64] - Получен токен доступа из cookie
2025-03-20 00:11:51 - INFO - [logger.py:64] - Пользователь успешно аутентифицирован | email=user5@example.com
2025-03-20 00:11:51 - INFO - [logger.py:64] - Получен токен доступа из cookie
2025-03-20 00:11:51 - INFO - [logger.py:64] - Пользователь успешно аутентифицирован | email=user5@example.com
2025-03-20 00:11:54 - INFO - [logger.py:64] - Получен refresh-токен из cookie
2025-03-20 00:11:54 - INFO - [logger.py:64] - Получен запрос на обновление токена
2025-03-20 00:11:54 - INFO - [logger.py:64] - Токены успешно обновлены
2025-03-20 00:11:55 - INFO - [logger.py:64] - Получен refresh-токен из cookie
2025-03-20 00:11:55 - INFO - [logger.py:64] - Получен запрос на обновление токена
2025-03-20 00:11:55 - INFO - [logger.py:64] - Токены успешно обновлены
2025-03-20 00:11:55 - INFO - [logger.py:64] - Получен refresh-токен из cookie
2025-03-20 00:11:55 - INFO - [logger.py:64] - Получен запрос на обновление токена
2025-03-20 00:11:55 - INFO - [logger.py:64] - Токены успешно обновлены
2025-03-20 00:11:55 - INFO - [logger.py:64] - Получен refresh-токен из cookie
2025-03-20 00:11:55 - INFO - [logger.py:64] - Получен запрос на обновление токена
2025-03-20 00:11:55 - INFO - [logger.py:64] - Токены успешно обновлены
2025-03-20 00:11:55 - INFO - [logger.py:64] - Получен refresh-токен из cookie
2025-03-20 00:11:55 - INFO - [logger.py:64] - Получен запрос на обновление токена
2025-03-20 00:11:55 - INFO - [logger.py:64] - Токены успешно обновлены
2025-03-20 00:12:00 - INFO - [logger.py:64] - Получен токен доступа из cookie
2025-03-20 00:12:00 - INFO - [logger.py:64] - Пользователь успешно аутентифицирован | email=user5@example.com
2025-03-20 00:12:18 - INFO - [logger.py:64] - Получен токен доступа из cookie
2025-03-20 00:12:18 - INFO - [logger.py:64] - Пользователь успешно аутентифицирован | email=user5@example.com
2025-03-20 00:12:18 - INFO - [logger.py:64] - Получен refresh-токен из cookie
2025-03-20 00:12:18 - INFO - [logger.py:64] - Получен запрос на выход из системы | email=user5@example.com
2025-03-20 00:12:18 - INFO - [logger.py:64] - Пользователь успешно вышел из системы | email=user5@example.com
2025-03-20 00:12:26 - INFO - [logger.py:64] - Запрос проверки работоспособности API
2025-03-20 00:12:30 - INFO - [logger.py:64] - Приложение остановлено
2025-03-20 00:51:03 - INFO - [logger.py:64] - Приложение запущено | environment=development
2025-03-20 00:51:03 - INFO - [session.py:43] - Начало создания таблиц в базе данных
2025-03-20 00:51:03 - INFO - [session.py:46] - Таблицы успешно созданы
2025-03-20 00:51:05 - INFO - [logger.py:64] - Запрос проверки работоспособности API
2025-03-20 00:51:08 - INFO - [logger.py:64] - Запрос проверки работоспособности API
2025-03-20 00:51:16 - INFO - [logger.py:64] - Регистрация нового пользователя с email: user6@example.com
2025-03-20 00:51:17 - INFO - [logger.py:64] - Пользователь с email user6@example.com успешно зарегистрирован
2025-03-20 00:51:27 - INFO - [logger.py:64] - Получен запрос на авторизацию | email=user6@example.com
2025-03-20 00:51:27 - INFO - [logger.py:64] - Пользователь успешно авторизован | email=user6@example.com
2025-03-20 00:51:35 - INFO - [logger.py:64] - Получен токен доступа из cookie
2025-03-20 00:51:35 - INFO - [logger.py:64] - Пользователь успешно аутентифицирован | email=user6@example.com
2025-03-20 00:51:36 - INFO - [logger.py:64] - Получен токен доступа из cookie
2025-03-20 00:51:36 - INFO - [logger.py:64] - Пользователь успешно аутентифицирован | email=user6@example.com
2025-03-20 00:51:36 - INFO - [logger.py:64] - Получен токен доступа из cookie
2025-03-20 00:51:36 - INFO - [logger.py:64] - Пользователь успешно аутентифицирован | email=user6@example.com
2025-03-20 00:51:41 - INFO - [logger.py:64] - Получен refresh-токен из cookie
2025-03-20 00:51:41 - INFO - [logger.py:64] - Получен запрос на обновление токена
2025-03-20 00:51:41 - INFO - [logger.py:64] - Токены успешно обновлены
2025-03-20 00:51:43 - INFO - [logger.py:64] - Получен refresh-токен из cookie
2025-03-20 00:51:43 - INFO - [logger.py:64] - Получен запрос на обновление токена
2025-03-20 00:51:43 - INFO - [logger.py:64] - Токены успешно обновлены
2025-03-20 00:51:44 - INFO - [logger.py:64] - Получен refresh-токен из cookie
2025-03-20 00:51:44 - INFO - [logger.py:64] - Получен запрос на обновление токена
2025-03-20 00:51:44 - INFO - [logger.py:64] - Токены успешно обновлены
2025-03-20 00:51:47 - INFO - [logger.py:64] - Получен токен доступа из cookie
2025-03-20 00:51:47 - INFO - [logger.py:64] - Пользователь успешно аутентифицирован | email=user6@example.com
2025-03-20 00:51:54 - INFO - [logger.py:64] - Получен токен доступа из cookie
2025-03-20 00:51:54 - INFO - [logger.py:64] - Пользователь успешно аутентифицирован | email=user6@example.com
2025-03-20 00:51:54 - INFO - [logger.py:64] - Получен refresh-токен из cookie
2025-03-20 00:51:54 - INFO - [logger.py:64] - Получен запрос на выход из системы | email=user6@example.com
2025-03-20 00:51:54 - INFO - [logger.py:64] - Пользователь успешно вышел из системы | email=user6@example.com
2025-03-20 00:53:36 - INFO - [logger.py:64] - Приложение остановлено
2025-03-20 01:39:20 - INFO - [logger.py:66] - Приложение запущено | environment=development
2025-03-20 01:39:20 - INFO - [session.py:43] - Начало создания таблиц в базе данных
2025-03-20 01:39:20 - INFO - [session.py:46] - Таблицы успешно созданы
2025-03-20 01:39:25 - INFO - [logger.py:66] - Запрос проверки работоспособности API
2025-03-20 01:39:44 - INFO - [logger.py:66] - Приложение остановлено
2025-03-20 01:39:50 - INFO - [logger.py:66] - Приложение запущено | environment=development
2025-03-20 01:39:50 - INFO - [session.py:43] - Начало создания таблиц в базе данных
2025-03-20 01:39:50 - INFO - [session.py:46] - Таблицы успешно созданы
2025-03-20 01:39:51 - INFO - [logger.py:66] - Запрос проверки работоспособности API
2025-03-20 01:39:54 - INFO - [logger.py:66] - Запрос проверки работоспособности API
2025-03-20 01:40:05 - INFO - [logger.py:66] - Регистрация нового пользователя с email: user7@example.com
2025-03-20 01:40:06 - INFO - [logger.py:66] - Пользователь с email user7@example.com успешно зарегистрирован
2025-03-20 01:40:14 - INFO - [logger.py:66] - Получен запрос на авторизацию | email=user7@example.com
2025-03-20 01:40:14 - INFO - [logger.py:66] - Пользователь успешно авторизован | email=user7@example.com
2025-03-20 01:40:19 - INFO - [logger.py:66] - Получен refresh-токен из cookie
2025-03-20 01:40:19 - INFO - [logger.py:66] - Получен запрос на обновление токена
2025-03-20 01:40:19 - INFO - [logger.py:66] - Токены успешно обновлены
2025-03-20 01:40:20 - INFO - [logger.py:66] - Получен refresh-токен из cookie
2025-03-20 01:40:20 - INFO - [logger.py:66] - Получен запрос на обновление токена
2025-03-20 01:40:20 - INFO - [logger.py:66] - Токены успешно обновлены
2025-03-20 01:40:26 - INFO - [logger.py:66] - Получен токен доступа из cookie
2025-03-20 01:40:26 - INFO - [logger.py:66] - Пользователь успешно аутентифицирован | email=user7@example.com
2025-03-20 01:40:31 - INFO - [logger.py:66] - Получен токен доступа из cookie
2025-03-20 01:40:31 - INFO - [logger.py:66] - Пользователь успешно аутентифицирован | email=user7@example.com
2025-03-20 01:40:31 - INFO - [logger.py:66] - Получен refresh-токен из cookie
2025-03-20 01:40:31 - INFO - [logger.py:66] - Получен запрос на выход из системы | email=user7@example.com
2025-03-20 01:40:31 - INFO - [logger.py:66] - Пользователь успешно вышел из системы | email=user7@example.com
2025-03-20 01:40:36 - INFO - [logger.py:66] - Запрос проверки работоспособности API
2025-03-20 01:40:39 - INFO - [logger.py:66] - Приложение остановлено
